<?xml version="1.0" encoding="UTF-8"?>
<!-- Generated by org.testng.reporters.JUnitXMLReporter -->
<testsuite hostname="LAPTOP-NSGFDTKU" ignored="0" name="Default test" tests="3" failures="0" timestamp="2022-01-21T18:45:40 IST" time="26.413" errors="0">
  <testcase name="AmazonSearch" time="5.03" classname="TestNgpkg.amazon"/>
  <testcase name="AmazonSearch" time="5.001" classname="TestNgpkg.amazon"/>
  <testcase name="AmazonSearch" time="5.07" classname="TestNgpkg.amazon"/>
</testsuite> <!-- Default test -->
