<?xml version="1.0" encoding="UTF-8"?>
<!-- Generated by org.testng.reporters.JUnitXMLReporter -->
<testsuite hostname="LAPTOP-NSGFDTKU" ignored="0" name="LoginCAse1" tests="3" failures="0" timestamp="2022-01-21T16:34:38 IST" time="27.663" errors="0">
  <testcase name="AmazonSearch" time="5.528" classname="TestNgpkg.amazon"/>
  <testcase name="AmazonSearch" time="5.114" classname="TestNgpkg.amazon"/>
  <testcase name="AmazonSearch" time="5.835" classname="TestNgpkg.amazon"/>
</testsuite> <!-- LoginCAse1 -->
